2024-02-26 18:58:14 [root] WARNING: spider opened
2024-02-26 18:58:15 [root] WARNING: parsing: https://www.reddit.com/?rdt=41500
2024-02-26 18:58:16 [root] WARNING: parsing: https://www.reddit.com/r/popular/hot/?geo_filter=gb
2024-02-26 18:58:16 [root] WARNING: parsing: https://www.reddit.com/r/popular/hot/?geo_filter=th
2024-02-26 18:58:16 [root] WARNING: parsing: https://www.reddit.com/r/popular/hot/?geo_filter=se
2024-02-26 18:58:16 [root] WARNING: parsing: https://www.reddit.com/r/popular/hot/?geo_filter=rs
2024-02-26 18:58:16 [root] WARNING: parsing: https://www.reddit.com/r/popular/hot/?geo_filter=tw
2024-02-26 18:58:16 [root] WARNING: parsing: https://www.reddit.com/r/popular/hot/?geo_filter=es
2024-02-26 18:58:16 [root] WARNING: parsing: https://www.reddit.com/r/popular/hot/?geo_filter=tr
2024-02-26 18:58:17 [root] WARNING: parsing: https://www.reddit.com/r/popular/hot/?geo_filter=sg
2024-02-26 18:58:17 [root] WARNING: parsing: https://www.reddit.com/r/popular/hot/?geo_filter=pt
2024-02-26 18:58:17 [root] WARNING: parsing: https://www.reddit.com/r/popular/hot/?geo_filter=ro
2024-02-26 18:58:17 [root] WARNING: parsing: https://www.reddit.com/r/popular/hot/?geo_filter=pl
2024-02-26 18:58:17 [root] WARNING: parsing: https://www.reddit.com/r/popular/hot/?geo_filter=mx
2024-02-26 18:58:17 [root] WARNING: parsing: https://www.reddit.com/r/popular/hot/?geo_filter=ph
2024-02-26 18:58:17 [root] WARNING: parsing: https://www.reddit.com/r/popular/hot/?geo_filter=nz
2024-02-26 18:58:17 [root] WARNING: parsing: https://www.reddit.com/r/popular/hot/?geo_filter=pr
2024-02-26 18:58:18 [root] WARNING: parsing: https://www.reddit.com/r/popular/hot/?geo_filter=my
2024-02-26 18:58:18 [root] WARNING: parsing: https://www.reddit.com/r/worldnews/comments/1b0kvu2/its_official_sweden_to_join_nato/
2024-02-26 18:58:18 [root] WARNING: parsing: https://www.reddit.com/fr/
2024-02-26 18:58:18 [root] WARNING: parsing: https://www.reddit.com/it/
2024-02-26 18:58:18 [root] WARNING: parsing: https://www.reddit.com/r/Turkey/
2024-02-26 18:58:18 [root] WARNING: parsing: https://www.reddit.com/r/worldnews/
2024-02-26 18:58:18 [root] WARNING: parsing: https://www.reddit.com/pt/
2024-02-26 18:58:18 [root] WARNING: parsing: https://www.reddit.com/de/
2024-02-26 18:58:18 [root] WARNING: parsing: https://www.reddit.com/r/europe/
2024-02-26 18:58:18 [root] WARNING: parsing: https://www.reddit.com/es/
2024-02-26 18:58:19 [root] WARNING: parsing: https://www.reddit.com/r/vlandiya/comments/1b0i7mf/adam%C4%B1n_ailesi_daha_tan%C4%B1m%C4%B1yo_evlenece%C4%9Fi_k%C4%B1z%C4%B1/
2024-02-26 18:58:19 [root] WARNING: parsing: https://www.reddit.com/r/Turkey/comments/1b0fhlk/11_anket_firmas%C4%B1n%C4%B1n_yapt%C4%B1%C4%9F%C4%B1_18_anketin/
2024-02-26 18:58:19 [root] WARNING: parsing: https://www.reddit.com/r/vlandiya/
2024-02-26 18:58:19 [root] WARNING: parsing: https://www.reddit.com/r/galatasaray/
2024-02-26 18:58:19 [root] WARNING: parsing: https://www.reddit.com/r/Polska/comments/1b0silp/jakie_znacie_posrane_spo%C5%82eczno%C5%9Bci_w_internecie/
2024-02-26 18:58:19 [root] WARNING: parsing: https://www.reddit.com/r/Polska/
2024-02-26 18:58:19 [root] WARNING: parsing: https://www.reddit.com/r/europe/comments/1b0pqsv/nato_defense_spending_as_percentage_of_gdp/
2024-02-26 18:58:19 [root] WARNING: parsing: https://www.reddit.com/r/HomeImprovement/
2024-02-26 18:58:19 [root] WARNING: parsing: https://www.politico.eu/article/sweden-to-join-nato/
2024-02-26 18:58:19 [root] WARNING: parsing: https://www.reddit.com/r/uruguay/comments/1b0y05i/costo_de_la_energ%C3%ADa_en_uruguay/
2024-02-26 18:58:19 [root] WARNING: parsing: https://www.reddit.com/r/MexicoFinanciero/
2024-02-26 18:58:19 [root] WARNING: parsing: https://www.reddit.com/r/MexicoFinanciero/comments/1b0l11s/les_comparto_la_tasa_de_banorte_se_me_hizo_muy/
2024-02-26 18:58:19 [root] WARNING: parsing: https://www.reddit.com/r/MexicoFinanciero/?f=flair_name%3A%22Aporte%20%F0%9F%8E%93%22
2024-02-26 18:58:19 [root] WARNING: parsing: https://www.reddit.com/r/Guadalajara/?f=flair_name%3A%22Meme%20%F0%9F%98%9B%22
2024-02-26 18:58:19 [root] WARNING: parsing: https://www.reddit.com/r/Guadalajara/comments/1b0kg20/confirmo/
2024-02-26 18:58:19 [root] WARNING: parsing: https://www.reddit.com/r/Guadalajara/
2024-02-26 18:58:19 [root] WARNING: parsing: https://www.reddit.com/r/Panama/comments/1b0l13t/update_picnic_ameno_2024/
2024-02-26 18:58:19 [root] WARNING: parsing: https://www.reddit.com/r/Ticos/
2024-02-26 18:58:19 [root] WARNING: parsing: https://www.reddit.com/r/uruguay/
2024-02-26 18:58:19 [root] WARNING: parsing: https://www.reddit.com/r/uruguay/?f=flair_name%3A%22Noticias%20%F0%9F%93%B0%22
2024-02-26 18:58:19 [root] WARNING: parsing: https://www.politico.eu
2024-02-26 18:58:20 [root] WARNING: parsing: https://www.reddit.com/r/Panama/?f=flair_name%3A%22Meetups%22
2024-02-26 18:58:20 [root] WARNING: parsing: https://www.reddit.com/r/Ticos/comments/1b0ok5l/para_los_michidue%C3%B1os/
2024-02-26 18:58:20 [root] WARNING: parsing: https://www.reddit.com/r/Panama/
2024-02-26 18:58:20 [root] WARNING: parsing: https://www.reddit.com/r/RepublicadeChile/?f=flair_name%3A%22%F0%9F%95%B5%EF%B8%8F%20An%C3%A1lisis%22
2024-02-26 18:58:20 [root] WARNING: parsing: https://www.reddit.com/r/Ticos/?f=flair_name%3A%22Maes%2C%20una%20preguntica%20(Ask%20Ticos)%20%22
2024-02-26 18:58:20 [root] WARNING: parsing: https://www.politico.eu/privacy-policy/
2024-02-26 18:58:20 [root] WARNING: parsing: https://www.politico.eu/frequently-asked-questions/
2024-02-26 18:58:20 [root] WARNING: parsing: https://www.politico.eu/terms-conditions/
2024-02-26 18:58:20 [root] WARNING: parsing: https://www.youtube.com/channel/UCWMhlrCnmb14IkQBfiSXktA
2024-02-26 18:58:20 [root] WARNING: parsing: https://www.politico.eu/article/ukraine-a-struggle-for-the-ages/
2024-02-26 18:58:20 [root] WARNING: parsing: https://www.politico.eu/article/ukraine-health-system-hans-kluge-war-world-health-organization/
2024-02-26 18:58:20 [root] WARNING: parsing: https://www.politico.eu/article/cameron-and-sikorski-failing-to-stand-with-ukraine-will-remake-the-world-as-we-know-it/
2024-02-26 18:58:21 [root] WARNING: parsing: https://www.politico.eu/article/european-armament-commissioner-defense-war-security/
2024-02-26 18:58:21 [root] WARNING: parsing: https://www.politico.eu/newsletter/berlin-playbook/
2024-02-26 18:58:21 [root] WARNING: parsing: https://www.politico.eu/article/as-gaza-tensions-flare-british-mps-fear-their-safety/
2024-02-26 18:58:21 [root] WARNING: parsing: https://www.politico.eu/research-analysis-division/
2024-02-26 18:58:21 [root] WARNING: parsing: https://www.politico.eu/article/belarus-parliamentary-election-lukashenkos-predicted-win-dont-hold-breath/
2024-02-26 18:58:21 [root] WARNING: parsing: https://www.politico.eu/article/ukraine-war-hang-on-in-2024-to-win-in-2025-putin-zelenskky-russia-counteroffensive/
2024-02-26 18:58:21 [root] WARNING: parsing: https://www.politico.eu/article/vladimir-putin-russia-banked-1-billion-euros-2023-eu-fuel-despite-ban/
2024-02-26 18:58:21 [root] WARNING: parsing: https://www.politico.eu/cookies-info/
2024-02-26 18:58:21 [root] WARNING: parsing: https://www.politico.eu/article/european-elections-voting-populism-connecting-with-voters/
2024-02-26 18:58:21 [root] WARNING: parsing: https://www.politico.eu/article/russia-arrests-dual-citizen-fundraising-ukraine/
2024-02-26 18:58:21 [root] WARNING: parsing: https://www.politico.eu/article/europe-vladimir-putin-donald-trump-defense-security-war/
2024-02-26 18:58:22 [root] WARNING: parsing: https://www.politico.eu/article/russias-opposition-died-with-navalny/
2024-02-26 18:58:22 [root] WARNING: parsing: https://www.youtube.com/howyoutubeworks/policies/copyright/
2024-02-26 18:58:22 [root] WARNING: parsing: https://www.politico.eu/article/alexei-navalny-death-kremlin-critic-putin-opposition-russians-lose-last-hope/
2024-02-26 18:58:22 [root] WARNING: parsing: https://www.politico.eu/article/us-eu-who-hans-kluge-and-anthony-fauci-our-work-on-hiv-aids-offers-a-guide-to-monkeypox/
2024-02-26 18:58:22 [root] WARNING: parsing: https://www.politico.eu/article/viktor-orban-faces-biggest-challenge-political-career-hungary-katalin-novak-fidesz-party/
2024-02-26 18:58:22 [root] WARNING: parsing: https://www.politico.eu/article/new-priorities-keeping-the-eu-fit-2/
2024-02-26 18:58:22 [root] WARNING: parsing: https://www.politico.eu/article/no-one-voted-for-mr-juncker/
2024-02-26 18:58:22 [root] WARNING: parsing: https://www.politico.eu/person/volodymyr-zelenskyy/
2024-02-26 18:58:22 [root] WARNING: parsing: https://www.politico.eu/tag/services/
2024-02-26 18:58:22 [root] WARNING: parsing: https://www.politico.eu/tag/water/
2024-02-26 18:58:23 [root] WARNING: parsing: https://www.politico.eu/article/estonia-alar-karis-president-nato-and-eu-cant-carry-on-like-its-peacetime/
2024-02-26 18:58:23 [root] WARNING: parsing: https://www.politico.eu/tag/vaccines/
2024-02-26 18:58:23 [root] WARNING: parsing: https://www.politico.eu/tag/pharmacies-and-pharmacists/
2024-02-26 18:58:23 [root] WARNING: parsing: https://www.politico.eu/newsletter/berlin-playbook/taurus-jein-danke/
2024-02-26 18:58:23 [root] WARNING: parsing: https://edition.pagesuite-professional.co.uk/html5/reader/production/default.aspx?pubname=&pubid=926f0c8c-7f9b-4c0c-a74d-25af040856bf
2024-02-26 18:58:23 [root] WARNING: parsing: https://www.politico.eu/newsletter/berlin-playbook/europas-machtigste-frau/
2024-02-26 18:58:23 [root] WARNING: parsing: https://www.politico.eu/article/germany-rosneft-refinery-russia-ukraine-war/
2024-02-26 18:58:23 [root] WARNING: parsing: https://www.politico.eu/article/romania-long-shot-baby-nukes-coal-cliff-edge-looms/
2024-02-26 18:58:23 [root] WARNING: parsing: https://www.politico.eu/newsletter/berlin-playbook/showdown-um-die-ukraine/
2024-02-26 18:58:24 [root] WARNING: parsing: https://www.politico.eu/newsletter/berlin-playbook/warten-auf-die-wirtschaftswende/
2024-02-26 18:58:24 [scrapy.downloadermiddlewares.retry] ERROR: Gave up retrying <GET https://ec.europa.eu/robots.txt> (failed 3 times): 503 Service Unavailable
2024-02-26 18:58:24 [root] WARNING: parsing: https://www.politico.eu/article/von-der-leyen-in-kyiv-to-mark-ukraine-war-anniversary/
2024-02-26 18:58:24 [root] WARNING: parsing: https://www.politico.eu/tag/research/
2024-02-26 18:58:24 [root] WARNING: parsing: https://www.politico.eu/person/anthony-fauci/
2024-02-26 18:58:24 [root] WARNING: parsing: https://www.politico.eu/article/its-time-to-be-bolder-to-help-ukraine/
2024-02-26 18:58:24 [root] WARNING: parsing: https://www.politico.eu/person/hans-kluge/
2024-02-26 18:58:24 [root] WARNING: parsing: https://stripe.com/en-be/privacy
2024-02-26 18:58:25 [root] WARNING: parsing: https://www.politico.eu/tag/enlargement/
2024-02-26 18:58:25 [root] WARNING: parsing: https://www.politico.eu/institution/who-euro/
2024-02-26 18:58:25 [root] WARNING: parsing: https://www.politico.eu/global-playbook/
2024-02-26 18:58:25 [root] WARNING: parsing: https://www.politico.eu/tag/patents/
2024-02-26 18:58:25 [root] WARNING: parsing: https://www.politico.com/news/2024/02/25/world-trade-cooperation-will-be-put-to-the-test-in-abu-dhabi-00143019
2024-02-26 18:58:25 [root] WARNING: parsing: https://www.politico.eu/politico-eu-influence/
2024-02-26 18:58:25 [root] WARNING: parsing: https://www.politico.eu/digital-bridge/
2024-02-26 18:58:25 [root] WARNING: parsing: https://www.politico.eu/london-influence/
2024-02-26 18:58:25 [root] WARNING: parsing: https://www.politico.com/news/2024/02/25/navalny-putin-weakness-sullivan-00143197
2024-02-26 18:58:25 [root] WARNING: parsing: https://www.politico.com/playbook
2024-02-26 18:58:25 [root] WARNING: parsing: https://www.politico.com/politicoinfluence/
2024-02-26 18:58:25 [root] WARNING: parsing: https://stripe.com/en-be/legal/treasury-platform
2024-02-26 18:58:26 [root] WARNING: parsing: https://www.politico.com/newsletters/playbook/2024/02/22/what-the-gop-would-prefer-not-to-discuss-00142605
2024-02-26 18:58:26 [root] WARNING: parsing: https://www.politico.com/newsletters/playbook/2024/02/23/nancy-maces-main-character-energy-00142884
2024-02-26 18:58:26 [root] WARNING: parsing: https://stripe.com/en-be/legal/treasury-connect-account
2024-02-26 18:58:26 [root] WARNING: parsing: https://support.stripe.com/?referrerLocale=en-gb-be
2024-02-26 18:58:26 [root] WARNING: parsing: https://www.politico.com/newsletters/politico-influence/2024/02/20/perlmutter-lobbying-on-cannabis-banking-bill-00142287
2024-02-26 18:58:26 [root] WARNING: parsing: https://www.politico.eu/article/where-is-europe-securing-health-who-eu-member-states/
2024-02-26 18:58:26 [root] WARNING: parsing: https://stripe.com/en-be/legal/terminal-device-eula
2024-02-26 18:58:27 [root] WARNING: parsing: https://stripe.com/es-us/legal/treasury-platform
2024-02-26 18:58:27 [root] WARNING: parsing: https://stripe.com/en-be/support-plans
2024-02-26 18:58:27 [root] WARNING: parsing: https://www.eenews.net/
2024-02-26 18:58:27 [root] WARNING: parsing: https://stripe.com/zh-us/legal/treasury-platform
2024-02-26 18:58:27 [root] WARNING: parsing: https://www.politico.com/newsletters/playbook/2024/02/23/nancy-maces-main-character-energy-00142884?tab=most-read
2024-02-26 18:58:27 [root] WARNING: parsing: https://press.stripe.com/
2024-02-26 18:58:27 [root] WARNING: yielding item https://press.stripe.com/
2024-02-26 18:58:27 [root] WARNING: INSERT INTO mulch (url, text, keywords) VALUES ("https://press.stripe.com/", "mwiya s a stoic physically imposing guy well over six feet tall i ve known him for a while now and he s basically got two speeds full suit and sweatsuit he s either in board rooms meeting with elected officials and giving presentations or he s at home being a doting dad the kind who keeps a lot of pictures of his daughter in his pocket and on his instagram ", "feet");
2024-02-26 18:58:27 [scrapy.core.scraper] ERROR: Error processing {'keywords': 'feet',
 'text': 'mwiya s a stoic physically imposing guy well over six feet tall i ve '
         'known him for a while now and he s basically got two speeds full '
         'suit and sweatsuit he s either in board rooms meeting with elected '
         'officials and giving presentations or he s at home being a doting '
         'dad the kind who keeps a lot of pictures of his daughter in his '
         'pocket and on his instagram ',
 'url': 'https://press.stripe.com/'}
Traceback (most recent call last):
  File "c:\Users\rainer\Desktop\github\word2vec\.venv\Lib\site-packages\mysql\connector\connection_cext.py", line 661, in cmd_query
    self._cmysql.query(
_mysql_connector.MySQLInterfaceError: Data truncated for column 'keywords' at row 1

The above exception was the direct cause of the following exception:

Traceback (most recent call last):
  File "c:\Users\rainer\Desktop\github\word2vec\.venv\Lib\site-packages\twisted\internet\defer.py", line 892, in _runCallbacks
    current.result = callback(  # type: ignore[misc]
  File "c:\Users\rainer\Desktop\github\word2vec\.venv\Lib\site-packages\scrapy\utils\defer.py", line 340, in f
    return deferred_from_coro(coro_f(*coro_args, **coro_kwargs))
  File "C:\Users\rainer\Desktop\github\word2vec\crawler\mulch\pipelines.py", line 64, in process_item
    self.cursor.execute("""INSERT INTO mulch (url, text, keywords) VALUES (\"%s\", \"%s\", \"%s\");""" %(item["url"], item["text"], item["keywords"]))
  File "c:\Users\rainer\Desktop\github\word2vec\.venv\Lib\site-packages\mysql\connector\cursor_cext.py", line 374, in execute
    result = self._cnx.cmd_query(
  File "c:\Users\rainer\Desktop\github\word2vec\.venv\Lib\site-packages\mysql\connector\opentelemetry\context_propagation.py", line 74, in wrapper
    return method(cnx, *args, **kwargs)
  File "c:\Users\rainer\Desktop\github\word2vec\.venv\Lib\site-packages\mysql\connector\connection_cext.py", line 669, in cmd_query
    raise get_mysql_exception(
mysql.connector.errors.DatabaseError: 1265 (01000): Data truncated for column 'keywords' at row 1
2024-02-26 18:58:27 [root] WARNING: parsing: https://stripe.com/ae/legal/treasury-platform
2024-02-26 18:58:28 [root] WARNING: yielding item https://press.stripe.com/
2024-02-26 18:58:28 [root] WARNING: INSERT INTO mulch (url, text, keywords) VALUES ("https://press.stripe.com/", " so the salton sea is not actually a sea it is sort of a lake and it s kind of an accidental one it was created in 1905 as kind of like an offshoot of the colorado river so essentially the colorado river spilled out of its irrigation system into this one kind of reservoir in the very southern tip of california near baja it s also kind of near joshua tree if you re familiar with that area it sits around 200 feet below sea level and it doesn t have an outlet so there s you know water kind of flows into it from the colorado river but it doesn t flow out of it so it just kind of sits there and the way that the water level is managed is water kind of evaporates off of it ", "feet");
2024-02-26 18:58:28 [scrapy.core.scraper] ERROR: Error processing {'keywords': 'feet',
 'text': ' so the salton sea is not actually a sea it is sort of a lake and it '
         's kind of an accidental one it was created in 1905 as kind of like '
         'an offshoot of the colorado river so essentially the colorado river '
         'spilled out of its irrigation system into this one kind of reservoir '
         'in the very southern tip of california near baja it s also kind of '
         'near joshua tree if you re familiar with that area it sits around '
         '200 feet below sea level and it doesn t have an outlet so there s '
         'you know water kind of flows into it from the colorado river but it '
         'doesn t flow out of it so it just kind of sits there and the way '
         'that the water level is managed is water kind of evaporates off of '
         'it ',
 'url': 'https://press.stripe.com/'}
Traceback (most recent call last):
  File "c:\Users\rainer\Desktop\github\word2vec\.venv\Lib\site-packages\mysql\connector\connection_cext.py", line 661, in cmd_query
    self._cmysql.query(
_mysql_connector.MySQLInterfaceError: Data truncated for column 'keywords' at row 1

The above exception was the direct cause of the following exception:

Traceback (most recent call last):
  File "c:\Users\rainer\Desktop\github\word2vec\.venv\Lib\site-packages\twisted\internet\defer.py", line 892, in _runCallbacks
    current.result = callback(  # type: ignore[misc]
  File "c:\Users\rainer\Desktop\github\word2vec\.venv\Lib\site-packages\scrapy\utils\defer.py", line 340, in f
    return deferred_from_coro(coro_f(*coro_args, **coro_kwargs))
  File "C:\Users\rainer\Desktop\github\word2vec\crawler\mulch\pipelines.py", line 64, in process_item
    self.cursor.execute("""INSERT INTO mulch (url, text, keywords) VALUES (\"%s\", \"%s\", \"%s\");""" %(item["url"], item["text"], item["keywords"]))
  File "c:\Users\rainer\Desktop\github\word2vec\.venv\Lib\site-packages\mysql\connector\cursor_cext.py", line 374, in execute
    result = self._cnx.cmd_query(
  File "c:\Users\rainer\Desktop\github\word2vec\.venv\Lib\site-packages\mysql\connector\opentelemetry\context_propagation.py", line 74, in wrapper
    return method(cnx, *args, **kwargs)
  File "c:\Users\rainer\Desktop\github\word2vec\.venv\Lib\site-packages\mysql\connector\connection_cext.py", line 669, in cmd_query
    raise get_mysql_exception(
mysql.connector.errors.DatabaseError: 1265 (01000): Data truncated for column 'keywords' at row 1
2024-02-26 18:58:28 [root] WARNING: yielding item https://press.stripe.com/
2024-02-26 18:58:28 [root] WARNING: INSERT INTO mulch (url, text, keywords) VALUES ("https://press.stripe.com/", " sure yeah so lithium s kind of an interesting element it doesn t exist in a pure state in the earth that s usually glommed on with you know another element so it s often mined in this process called open pit mining and thisrefers to the kind of technique for mining and that s used also in like coal mining and mining for lots of other things but specifically with lithium essentially what happens is a few feet of earth is dredged up usually open pit is used and with open pit mining this is usually done with whatever the mineral or element that is being mined is pretty close to the surface of the earth so you just kind of just dig up some earth a few feet few hundred feet and create an open space and that will make way for the minerals that you re looking for this process is done with coal mining for example this is the same process that leads to mountaintop removal which is extremely controversial and really environmentally destructive ", "feet");
2024-02-26 18:58:28 [scrapy.core.scraper] ERROR: Error processing {'keywords': 'feet',
 'text': ' sure yeah so lithium s kind of an interesting element it doesn t '
         'exist in a pure state in the earth that s usually glommed on with '
         'you know another element so it s often mined in this process called '
         'open pit mining and thisrefers to the kind of technique for mining '
         'and that s used also in like coal mining and mining for lots of '
         'other things but specifically with lithium essentially what happens '
         'is a few feet of earth is dredged up usually open pit is used and '
         'with open pit mining this is usually done with whatever the mineral '
         'or element that is being mined is pretty close to the surface of the '
         'earth so you just kind of just dig up some earth a few feet few '
         'hundred feet and create an open space and that will make way for the '
         'minerals that you re looking for this process is done with coal '
         'mining for example this is the same process that leads to '
         'mountaintop removal which is extremely controversial and really '
         'environmentally destructive ',
 'url': 'https://press.stripe.com/'}
Traceback (most recent call last):
  File "c:\Users\rainer\Desktop\github\word2vec\.venv\Lib\site-packages\mysql\connector\connection_cext.py", line 661, in cmd_query
    self._cmysql.query(
_mysql_connector.MySQLInterfaceError: Data truncated for column 'keywords' at row 1

The above exception was the direct cause of the following exception:

Traceback (most recent call last):
  File "c:\Users\rainer\Desktop\github\word2vec\.venv\Lib\site-packages\twisted\internet\defer.py", line 892, in _runCallbacks
    current.result = callback(  # type: ignore[misc]
  File "c:\Users\rainer\Desktop\github\word2vec\.venv\Lib\site-packages\scrapy\utils\defer.py", line 340, in f
    return deferred_from_coro(coro_f(*coro_args, **coro_kwargs))
  File "C:\Users\rainer\Desktop\github\word2vec\crawler\mulch\pipelines.py", line 64, in process_item
    self.cursor.execute("""INSERT INTO mulch (url, text, keywords) VALUES (\"%s\", \"%s\", \"%s\");""" %(item["url"], item["text"], item["keywords"]))
  File "c:\Users\rainer\Desktop\github\word2vec\.venv\Lib\site-packages\mysql\connector\cursor_cext.py", line 374, in execute
    result = self._cnx.cmd_query(
  File "c:\Users\rainer\Desktop\github\word2vec\.venv\Lib\site-packages\mysql\connector\opentelemetry\context_propagation.py", line 74, in wrapper
    return method(cnx, *args, **kwargs)
  File "c:\Users\rainer\Desktop\github\word2vec\.venv\Lib\site-packages\mysql\connector\connection_cext.py", line 669, in cmd_query
    raise get_mysql_exception(
mysql.connector.errors.DatabaseError: 1265 (01000): Data truncated for column 'keywords' at row 1
2024-02-26 18:58:28 [root] WARNING: parsing: https://stripe.com/en-be/partners/become-a-partner
2024-02-26 18:58:28 [root] WARNING: parsing: https://stripe.com/en-th/legal/treasury-platform
2024-02-26 18:58:28 [root] WARNING: parsing: https://stripe.com/th/legal/treasury-platform
2024-02-26 18:58:28 [root] WARNING: parsing: https://www.welt.de/politik/deutschland/article250187120/Sachsen-Wahl-Anstatt-an-der-AfD-zu-zweifeln-bezweifeln-manche-dass-der-Verfassungsschutz-legitim-ist.html?source=puerto-reco-2_ABC-V37.1.B_test
2024-02-26 18:58:29 [root] WARNING: parsing: https://stripe.com/en-ch/legal/treasury-platform
2024-02-26 18:58:29 [root] WARNING: parsing: https://stripe.com/es-us/legal/connect-account
2024-02-26 18:58:29 [root] WARNING: parsing: https://stripe.com/zh-us/legal/terminal-device-eula
2024-02-26 18:58:29 [root] WARNING: parsing: https://stripe.com/gb/legal/treasury-platform
2024-02-26 18:58:29 [root] WARNING: parsing: https://stripe.com/en-be/contact/sales
2024-02-26 18:58:29 [root] WARNING: parsing: https://stripe.com/es-us/legal/ssa
2024-02-26 18:58:30 [root] WARNING: parsing: https://www.rnd.de/politik/christian-lindner-union-soll-wachstumschancengesetz-nicht-laenger-blockieren-M6EEBXNNQRG4RI7M7G52YRSG2I.html
2024-02-26 18:58:30 [root] WARNING: parsing: https://stripe.com/es-us/corporate-card
2024-02-26 18:58:30 [root] WARNING: parsing: https://stripe.com/es-us/connect
2024-02-26 18:58:30 [root] WARNING: parsing: https://stripe.com/es-us/climate
2024-02-26 18:58:31 [root] WARNING: parsing: https://www.cbsnews.com/news/mike-pence-fertility-treatments-ivf-supreme-court-face-the-nation/
2024-02-26 18:58:31 [root] WARNING: parsing: https://stripe.com/es-us/payments/checkout
2024-02-26 18:58:31 [root] WARNING: parsing: https://stripe.com/legal/treasury-platform
2024-02-26 18:58:31 [root] WARNING: parsing: https://stripe.com/ae/legal/automatic-currency-conversion
2024-02-26 18:58:31 [root] WARNING: parsing: https://stripe.com/de-lu/support-plans
2024-02-26 18:58:32 [root] WARNING: parsing: https://stripe.com/fr-lu/support-plans
2024-02-26 18:58:32 [root] WARNING: parsing: https://stripe.com/fr-lu/connect/payouts
2024-02-26 18:58:32 [root] WARNING: parsing: https://stripe.com/fr-lu/cookie-settings
2024-02-26 18:58:33 [root] WARNING: parsing: https://support.stripe.com/?referrerLocale=fr-lu
2024-02-26 18:58:33 [root] WARNING: parsing: https://stripe.com/ae/legal/climate
2024-02-26 18:58:33 [root] WARNING: parsing: https://stripe.com/fr-lu/sitemap
2024-02-26 18:58:33 [root] WARNING: parsing: https://stripe.com/fr-lu/treasury
2024-02-26 18:58:33 [root] WARNING: parsing: https://stripe.com/fr-lu/capital
2024-02-26 18:58:34 [root] WARNING: parsing: https://stripe.com/fr-lu/guides/optimizing-authorization-rates
2024-02-26 18:58:34 [root] WARNING: parsing: https://stripe.com/ae/legal/atlas
2024-02-26 18:58:34 [root] WARNING: parsing: https://stripe.com/fr-lu/legal/restricted-businesses
2024-02-26 18:58:34 [root] WARNING: parsing: https://stripe.com/fr-lu/payments/link
2024-02-26 18:58:35 [root] WARNING: parsing: https://stripe.com/fr-lu/legal/spc/licenses
2024-02-26 18:58:35 [root] WARNING: parsing: https://stripe.com/fr-lu/jobs
2024-02-26 18:58:35 [root] WARNING: parsing: https://stripe.com/fr-lu/newsroom
2024-02-26 18:58:35 [root] WARNING: parsing: https://stripe.com/it-ch/connect/payouts
2024-02-26 18:58:35 [root] WARNING: parsing: https://stripe.com/fr-lu/apps
2024-02-26 18:58:35 [root] WARNING: parsing: https://stripe.com/fr-lu/customers
2024-02-26 18:58:36 [root] WARNING: parsing: https://stripe.com/fr-lu/guides
2024-02-26 18:58:37 [root] WARNING: closing spider <mulch.pipelines.MulchPipeline object at 0x000002124A045250>, (<MulchSpider 'mulch' at 0x21249d97350>,)
